<?xml version="1.0" encoding="UTF-8"?>
<testng-results skipped="0" failed="0" ignored="0" total="1" passed="1">
  <reporter-output>
  </reporter-output>
  <suite name="Default suite" duration-ms="170" started-at="2022-01-07T12:43:21Z" finished-at="2022-01-07T12:43:21Z">
    <groups>
    </groups>
    <test name="Default test" duration-ms="170" started-at="2022-01-07T12:43:21Z" finished-at="2022-01-07T12:43:21Z">
      <class name="baseTest.BaseTest">
        <test-method status="PASS" signature="utilTest()[pri:0, instance:baseTest.BaseTest@e25b2fe]" name="utilTest" duration-ms="6" started-at="2022-01-07T12:43:21Z" finished-at="2022-01-07T12:43:21Z">
          <reporter-output>
          </reporter-output>
        </test-method> <!-- utilTest -->
      </class> <!-- baseTest.BaseTest -->
    </test> <!-- Default test -->
  </suite> <!-- Default suite -->
</testng-results>
